0 verbose cli /usr/local/bin/node /usr/local/bin/npm
1 info using npm@10.9.0
2 info using node@v21.7.3
3 silly config load:file:/usr/local/lib/node_modules/npm/npmrc
4 silly config load:file:/home/container/.npmrc
5 silly config load:file:/usr/local/etc/npmrc
6 verbose title npm install mongodb
7 verbose argv "install" "mongodb"
8 verbose logfile logs-max:10 dir:/home/container/.npm/_logs/2025-04-18T18_04_16_809Z-
9 verbose logfile /home/container/.npm/_logs/2025-04-18T18_04_16_809Z-debug-0.log
10 silly logfile start cleaning logs, removing 1 files
11 silly packumentCache heap:2197815296 maxSize:549453824 maxEntrySize:274726912
12 silly logfile done cleaning log files
13 silly idealTree buildDeps
14 silly fetch manifest mongodb@^6.15.0
15 silly packumentCache full:https://registry.npmjs.org/mongodb cache-miss
16 http fetch GET 200 https://registry.npmjs.org/mongodb 22ms (cache hit)
17 silly packumentCache full:https://registry.npmjs.org/mongodb set size:3030061 disposed:false
18 silly fetch manifest @aws-sdk/credential-providers@^3.188.0
19 silly packumentCache full:https://registry.npmjs.org/@aws-sdk%2fcredential-providers cache-miss
20 http fetch GET 200 https://registry.npmjs.org/@aws-sdk%2fcredential-providers 4ms (cache hit)
21 silly packumentCache full:https://registry.npmjs.org/@aws-sdk%2fcredential-providers set size:1469191 disposed:false
22 silly fetch manifest @mongodb-js/zstd@^1.1.0 || ^2.0.0
23 silly packumentCache full:https://registry.npmjs.org/@mongodb-js%2fzstd cache-miss
24 http fetch GET 200 https://registry.npmjs.org/@mongodb-js%2fzstd 2ms (cache hit)
25 silly packumentCache full:https://registry.npmjs.org/@mongodb-js%2fzstd set size:91033 disposed:false
26 silly fetch manifest gcp-metadata@^5.2.0
27 silly packumentCache full:https://registry.npmjs.org/gcp-metadata cache-miss
28 http fetch GET 200 https://registry.npmjs.org/gcp-metadata 1ms (cache hit)
29 silly packumentCache full:https://registry.npmjs.org/gcp-metadata set size:164335 disposed:false
30 silly fetch manifest kerberos@^2.0.1
31 silly packumentCache full:https://registry.npmjs.org/kerberos cache-miss
32 http fetch GET 200 https://registry.npmjs.org/kerberos 2ms (cache hit)
33 silly packumentCache full:https://registry.npmjs.org/kerberos set size:110721 disposed:false
34 silly fetch manifest mongodb-client-encryption@>=6.0.0 <7
35 silly packumentCache full:https://registry.npmjs.org/mongodb-client-encryption cache-miss
36 http fetch GET 200 https://registry.npmjs.org/mongodb-client-encryption 2ms (cache hit)
37 silly packumentCache full:https://registry.npmjs.org/mongodb-client-encryption set size:244856 disposed:false
38 silly fetch manifest snappy@^7.2.2
39 silly packumentCache full:https://registry.npmjs.org/snappy cache-miss
40 http fetch GET 200 https://registry.npmjs.org/snappy 2ms (cache hit)
41 silly packumentCache full:https://registry.npmjs.org/snappy set size:164250 disposed:false
42 silly fetch manifest socks@^2.7.1
43 silly packumentCache full:https://registry.npmjs.org/socks cache-miss
44 http fetch GET 200 https://registry.npmjs.org/socks 2ms (cache hit)
45 silly packumentCache full:https://registry.npmjs.org/socks set size:161595 disposed:false
46 silly placeDep ROOT mongodb@6.15.0 REPLACE for:  want: ^6.15.0
47 warn EBADENGINE Unsupported engine {
47 warn EBADENGINE   package: 'glob@11.0.1',
47 warn EBADENGINE   required: { node: '20 || >=22' },
47 warn EBADENGINE   current: { node: 'v21.7.3', npm: '10.9.0' }
47 warn EBADENGINE }
48 warn EBADENGINE Unsupported engine {
48 warn EBADENGINE   package: 'jackspeak@4.1.0',
48 warn EBADENGINE   required: { node: '20 || >=22' },
48 warn EBADENGINE   current: { node: 'v21.7.3', npm: '10.9.0' }
48 warn EBADENGINE }
49 warn EBADENGINE Unsupported engine {
49 warn EBADENGINE   package: 'lru-cache@11.1.0',
49 warn EBADENGINE   required: { node: '20 || >=22' },
49 warn EBADENGINE   current: { node: 'v21.7.3', npm: '10.9.0' }
49 warn EBADENGINE }
50 warn EBADENGINE Unsupported engine {
50 warn EBADENGINE   package: 'minimatch@10.0.1',
50 warn EBADENGINE   required: { node: '20 || >=22' },
50 warn EBADENGINE   current: { node: 'v21.7.3', npm: '10.9.0' }
50 warn EBADENGINE }
51 warn EBADENGINE Unsupported engine {
51 warn EBADENGINE   package: 'path-scurry@2.0.0',
51 warn EBADENGINE   required: { node: '20 || >=22' },
51 warn EBADENGINE   current: { node: 'v21.7.3', npm: '10.9.0' }
51 warn EBADENGINE }
52 warn EBADENGINE Unsupported engine {
52 warn EBADENGINE   package: 'rimraf@6.0.1',
52 warn EBADENGINE   required: { node: '20 || >=22' },
52 warn EBADENGINE   current: { node: 'v21.7.3', npm: '10.9.0' }
52 warn EBADENGINE }
53 silly reify moves {}
54 silly audit bulk request {
54 silly audit   '@discordjs/builders': [ '1.10.1' ],
54 silly audit   '@discordjs/collection': [ '1.5.3', '2.1.1' ],
54 silly audit   '@discordjs/formatters': [ '0.6.0' ],
54 silly audit   '@discordjs/rest': [ '2.4.3' ],
54 silly audit   '@discordjs/util': [ '1.1.1' ],
54 silly audit   '@discordjs/ws': [ '1.2.1' ],
54 silly audit   '@isaacs/cliui': [ '8.0.2' ],
54 silly audit   '@mongodb-js/saslprep': [ '1.2.2' ],
54 silly audit   '@sapphire/async-queue': [ '1.5.5' ],
54 silly audit   '@sapphire/shapeshift': [ '4.0.0' ],
54 silly audit   '@sapphire/snowflake': [ '3.5.3' ],
54 silly audit   '@types/node': [ '22.14.1' ],
54 silly audit   '@types/webidl-conversions': [ '7.0.3' ],
54 silly audit   '@types/whatwg-url': [ '11.0.5' ],
54 silly audit   '@types/ws': [ '8.18.1' ],
54 silly audit   '@vladfrangu/async_event_emitter': [ '2.4.6' ],
54 silly audit   'ansi-regex': [ '6.1.0', '5.0.1' ],
54 silly audit   'ansi-styles': [ '6.2.1', '4.3.0' ],
54 silly audit   asynckit: [ '0.4.0' ],
54 silly audit   axios: [ '1.8.4' ],
54 silly audit   'balanced-match': [ '1.0.2' ],
54 silly audit   'brace-expansion': [ '2.0.1' ],
54 silly audit   bson: [ '6.10.3' ],
54 silly audit   'call-bind-apply-helpers': [ '1.0.2' ],
54 silly audit   'color-convert': [ '2.0.1' ],
54 silly audit   'color-name': [ '1.1.4' ],
54 silly audit   'combined-stream': [ '1.0.8' ],
54 silly audit   'cross-spawn': [ '7.0.6' ],
54 silly audit   'cyrillic-to-translit-js': [ '3.2.1' ],
54 silly audit   'delayed-stream': [ '1.0.0' ],
54 silly audit   'discord-api-types': [ '0.37.120' ],
54 silly audit   'discord.js': [ '14.18.0' ],
54 silly audit   dotenv: [ '16.5.0' ],
54 silly audit   'dunder-proto': [ '1.0.1' ],
54 silly audit   eastasianwidth: [ '0.2.0' ],
54 silly audit   'emoji-regex': [ '9.2.2', '8.0.0' ],
54 silly audit   'es-define-property': [ '1.0.1' ],
54 silly audit   'es-errors': [ '1.3.0' ],
54 silly audit   'es-object-atoms': [ '1.1.1' ],
54 silly audit   'es-set-tostringtag': [ '2.1.0' ],
54 silly audit   'fast-deep-equal': [ '3.1.3' ],
54 silly audit   'follow-redirects': [ '1.15.9' ],
54 silly audit   'foreground-child': [ '3.3.1' ],
54 silly audit   'form-data': [ '4.0.2' ],
54 silly audit   'function-bind': [ '1.1.2' ],
54 silly audit   'get-intrinsic': [ '1.3.0' ],
54 silly audit   'get-proto': [ '1.0.1' ],
54 silly audit   glob: [ '11.0.1' ],
54 silly audit   gopd: [ '1.2.0' ],
54 silly audit   'has-symbols': [ '1.1.0' ],
54 silly audit   'has-tostringtag': [ '1.0.2' ],
54 silly audit   hasown: [ '2.0.2' ],
54 silly audit   'is-fullwidth-code-point': [ '3.0.0' ],
54 silly audit   isexe: [ '2.0.0' ],
54 silly audit   jackspeak: [ '4.1.0' ],
54 silly audit   lodash: [ '4.17.21' ],
54 silly audit   'lodash.invert': [ '4.3.0' ],
54 silly audit   'lodash.snakecase': [ '4.1.1' ],
54 silly audit   'lru-cache': [ '11.1.0' ],
54 silly audit   'magic-bytes.js': [ '1.11.0' ],
54 silly audit   'math-intrinsics': [ '1.1.0' ],
54 silly audit   'memory-pager': [ '1.5.0' ],
54 silly audit   'mime-db': [ '1.52.0' ],
54 silly audit   'mime-types': [ '2.1.35' ],
54 silly audit   minimatch: [ '10.0.1' ],
54 silly audit   minipass: [ '7.1.2' ],
54 silly audit   'mongodb-connection-string-url': [ '3.0.2' ],
54 silly audit   'package-json-from-dist': [ '1.0.1' ],
54 silly audit   'path-key': [ '3.1.1' ],
54 silly audit   'path-scurry': [ '2.0.0' ],
54 silly audit   'proxy-from-env': [ '1.1.0' ],
54 silly audit   punycode: [ '2.3.1' ],
54 silly audit   rimraf: [ '6.0.1' ],
54 silly audit   'shebang-command': [ '2.0.0' ],
54 silly audit   'shebang-regex': [ '3.0.0' ],
54 silly audit   'signal-exit': [ '4.1.0' ],
54 silly audit   'sparse-bitfield': [ '3.0.3' ],
54 silly audit   'string-width': [ '5.1.2', '4.2.3' ],
54 silly audit   'strip-ansi': [ '6.0.1', '7.1.0' ],
54 silly audit   tr46: [ '5.1.1' ],
54 silly audit   'ts-mixer': [ '6.0.4' ],
54 silly audit   tslib: [ '2.8.1' ],
54 silly audit   undici: [ '6.21.1' ],
54 silly audit   'undici-types': [ '6.21.0' ],
54 silly audit   'webidl-conversions': [ '7.0.0' ],
54 silly audit   'whatwg-url': [ '14.2.0' ],
54 silly audit   which: [ '2.0.2' ],
54 silly audit   'wrap-ansi': [ '8.1.0', '7.0.0' ],
54 silly audit   ws: [ '8.18.1' ],
54 silly audit   mongodb: [ '6.15.0' ]
54 silly audit }
55 http fetch POST 200 https://registry.npmjs.org/-/npm/v1/security/advisories/bulk 308ms
56 silly audit report {}
57 verbose cwd /home/container
58 verbose os Linux 6.1.0-21-amd64
59 verbose node v21.7.3
60 verbose npm  v10.9.0
61 verbose exit 0
62 info ok
